# JRE version: Java(TM) SE Runtime Environment (21.0.9+7) (build 21.0.9+7-LTS-338)
# Java VM: Java HotSpot(TM) 64-Bit Server VM (21.0.9+7-LTS-338, mixed mode, emulated-client, sharing, tiered, compressed oops, compressed class ptrs, g1 gc, windows-amd64)
GC Precious Log:
 CardTable entry size: 512
 Card Set container configuration: InlinePtr #cards 5 size 8 Array Of Cards #cards 12 size 40 Howl #buckets 4 coarsen threshold 1843 Howl Bitmap #cards 512 size 80 coarsen threshold 460 Card regions per heap region 1 cards per card region 2048
 CPUs: 12 total, 12 available
 Memory: 7971M
 Large Page Support: Disabled
 NUMA Support: Disabled
 Compressed Oops: Enabled (32-bit)
 Heap Region Size: 1M
 Heap Min Capacity: 8M
 Heap Initial Capacity: 126M
 Heap Max Capacity: 1994M
 Pre-touch: Disabled
 Parallel Workers: 10
 Concurrent Workers: 3
 Concurrent Refinement Workers: 10
 Periodic GC: Disabled
Heap:
 garbage-first heap   total 79872K, used 69168K [0x0000000083600000, 0x0000000100000000)
  region size 1024K, 32 young (32768K), 1 survivors (1024K)
 Metaspace       used 90965K, committed 92160K, reserved 1179648K
  class space    used 13194K, committed 13696K, reserved 1048576K
GC Heap History (20 events):
Event: 15009.494 GC heap after
{Heap after GC invocations=61 (full 0):
 garbage-first heap   total 79872K, used 38574K [0x0000000083600000, 0x0000000100000000)
  region size 1024K, 1 young (1024K), 1 survivors (1024K)
 Metaspace       used 90879K, committed 92160K, reserved 1179648K
  class space    used 13166K, committed 13696K, reserved 1048576K
}
Event: 15367.804 GC heap before
{Heap before GC invocations=61 (full 0):
 garbage-first heap   total 79872K, used 73390K [0x0000000083600000, 0x0000000100000000)
  region size 1024K, 35 young (35840K), 1 survivors (1024K)
 Metaspace       used 90879K, committed 92160K, reserved 1179648K
  class space    used 13166K, committed 13696K, reserved 1048576K
}
Event: 15367.807 GC heap after
{Heap after GC invocations=62 (full 0):
 garbage-first heap   total 79872K, used 38466K [0x0000000083600000, 0x0000000100000000)
  region size 1024K, 1 young (1024K), 1 survivors (1024K)
 Metaspace       used 90879K, committed 92160K, reserved 1179648K
  class space    used 13166K, committed 13696K, reserved 1048576K
}
Event: 15743.420 GC heap before
{Heap before GC invocations=62 (full 0):
 garbage-first heap   total 79872K, used 73282K [0x0000000083600000, 0x0000000100000000)
  region size 1024K, 35 young (35840K), 1 survivors (1024K)
 Metaspace       used 90879K, committed 92160K, reserved 1179648K
  class space    used 13166K, committed 13696K, reserved 1048576K
}
Event: 15743.424 GC heap after
{Heap after GC invocations=63 (full 0):
 garbage-first heap   total 79872K, used 38398K [0x0000000083600000, 0x0000000100000000)
  region size 1024K, 1 young (1024K), 1 survivors (1024K)
 Metaspace       used 90879K, committed 92160K, reserved 1179648K
  class space    used 13166K, committed 13696K, reserved 1048576K
}
Event: 16123.802 GC heap before
{Heap before GC invocations=64 (full 0):
 garbage-first heap   total 79872K, used 73214K [0x0000000083600000, 0x0000000100000000)
  region size 1024K, 35 young (35840K), 1 survivors (1024K)
 Metaspace       used 90877K, committed 92160K, reserved 1179648K
  class space    used 13165K, committed 13696K, reserved 1048576K
}
Event: 16123.806 GC heap after
{Heap after GC invocations=65 (full 0):
 garbage-first heap   total 79872K, used 38412K [0x0000000083600000, 0x0000000100000000)
  region size 1024K, 1 young (1024K), 1 survivors (1024K)
 Metaspace       used 90877K, committed 92160K, reserved 1179648K
  class space    used 13165K, committed 13696K, reserved 1048576K
}
Event: 16497.800 GC heap before
{Heap before GC invocations=65 (full 0):
 garbage-first heap   total 79872K, used 73228K [0x0000000083600000, 0x0000000100000000)
  region size 1024K, 35 young (35840K), 1 survivors (1024K)
 Metaspace       used 90879K, committed 92160K, reserved 1179648K
  class space    used 13166K, committed 13696K, reserved 1048576K
}
Event: 16497.806 GC heap after
{Heap after GC invocations=66 (full 0):
 garbage-first heap   total 79872K, used 38322K [0x0000000083600000, 0x0000000100000000)
  region size 1024K, 1 young (1024K), 1 survivors (1024K)
 Metaspace       used 90879K, committed 92160K, reserved 1179648K
  class space    used 13166K, committed 13696K, reserved 1048576K
}
Event: 16839.075 GC heap before
{Heap before GC invocations=66 (full 0):
 garbage-first heap   total 79872K, used 73138K [0x0000000083600000, 0x0000000100000000)
  region size 1024K, 35 young (35840K), 1 survivors (1024K)
 Metaspace       used 90879K, committed 92160K, reserved 1179648K
  class space    used 13166K, committed 13696K, reserved 1048576K
}
Event: 16839.095 GC heap after
{Heap after GC invocations=67 (full 0):
 garbage-first heap   total 79872K, used 38666K [0x0000000083600000, 0x0000000100000000)
  region size 1024K, 1 young (1024K), 1 survivors (1024K)
 Metaspace       used 90879K, committed 92160K, reserved 1179648K
  class space    used 13166K, committed 13696K, reserved 1048576K
}
Event: 17219.503 GC heap before
{Heap before GC invocations=68 (full 0):
 garbage-first heap   total 79872K, used 73482K [0x0000000083600000, 0x0000000100000000)
  region size 1024K, 35 young (35840K), 1 survivors (1024K)
 Metaspace       used 90824K, committed 92160K, reserved 1179648K
  class space    used 13155K, committed 13696K, reserved 1048576K
}
Event: 17219.506 GC heap after
{Heap after GC invocations=69 (full 0):
 garbage-first heap   total 79872K, used 38407K [0x0000000083600000, 0x0000000100000000)
  region size 1024K, 1 young (1024K), 1 survivors (1024K)
 Metaspace       used 90824K, committed 92160K, reserved 1179648K
  class space    used 13155K, committed 13696K, reserved 1048576K
}
Event: 17597.841 GC heap before
{Heap before GC invocations=69 (full 0):
 garbage-first heap   total 79872K, used 73223K [0x0000000083600000, 0x0000000100000000)
  region size 1024K, 35 young (35840K), 1 survivors (1024K)
 Metaspace       used 90824K, committed 92160K, reserved 1179648K
  class space    used 13155K, committed 13696K, reserved 1048576K
}
Event: 17597.853 GC heap after
{Heap after GC invocations=70 (full 0):
 garbage-first heap   total 79872K, used 38282K [0x0000000083600000, 0x0000000100000000)
  region size 1024K, 1 young (1024K), 1 survivors (1024K)
 Metaspace       used 90824K, committed 92160K, reserved 1179648K
  class space    used 13155K, committed 13696K, reserved 1048576K
}
Event: 17975.657 GC heap before
{Heap before GC invocations=70 (full 0):
 garbage-first heap   total 79872K, used 73098K [0x0000000083600000, 0x0000000100000000)
  region size 1024K, 35 young (35840K), 1 survivors (1024K)
 Metaspace       used 90824K, committed 92160K, reserved 1179648K
  class space    used 13155K, committed 13696K, reserved 1048576K
}
Event: 17975.664 GC heap after
{Heap after GC invocations=71 (full 0):
 garbage-first heap   total 79872K, used 38292K [0x0000000083600000, 0x0000000100000000)
  region size 1024K, 1 young (1024K), 1 survivors (1024K)
 Metaspace       used 90824K, committed 92160K, reserved 1179648K
  class space    used 13155K, committed 13696K, reserved 1048576K
}
Event: 18327.809 GC heap before
{Heap before GC invocations=72 (full 0):
 garbage-first heap   total 79872K, used 73108K [0x0000000083600000, 0x0000000100000000)
  region size 1024K, 35 young (35840K), 1 survivors (1024K)
 Metaspace       used 90822K, committed 92160K, reserved 1179648K
  class space    used 13155K, committed 13696K, reserved 1048576K
}
Event: 18327.826 GC heap after
{Heap after GC invocations=73 (full 0):
 garbage-first heap   total 79872K, used 38448K [0x0000000083600000, 0x0000000100000000)
  region size 1024K, 1 young (1024K), 1 survivors (1024K)
 Metaspace       used 90822K, committed 92160K, reserved 1179648K
  class space    used 13155K, committed 13696K, reserved 1048576K
}
Event: 18629.878 GC heap before
{Heap before GC invocations=73 (full 0):
 garbage-first heap   total 79872K, used 69168K [0x0000000083600000, 0x0000000100000000)
  region size 1024K, 32 young (32768K), 1 survivors (1024K)
 Metaspace       used 90965K, committed 92160K, reserved 1179648K
  class space    used 13194K, committed 13696K, reserved 1048576K
}

